{"D:\\Projects\\btools-vitesse\\src\\api\\request.ts": {"path":"D:\\Projects\\btools-vitesse\\src\\api\\request.ts","statementMap":{"0":{"start":{"line":1,"column":23},"end":{"line":3,"column":null}},"1":{"start":{"line":18,"column":4},"end":{"line":18,"column":null}},"2":{"start":{"line":14,"column":13},"end":{"line":14,"column":null}},"3":{"start":{"line":15,"column":13},"end":{"line":15,"column":null}},"4":{"start":{"line":16,"column":13},"end":{"line":16,"column":null}},"5":{"start":{"line":19,"column":4},"end":{"line":19,"column":null}},"6":{"start":{"line":23,"column":56},"end":{"line":27,"column":null}},"7":{"start":{"line":29,"column":6},"end":{"line":29,"column":null}},"8":{"start":{"line":29,"column":29},"end":{"line":29,"column":null}},"9":{"start":{"line":29,"column":52},"end":{"line":29,"column":75}},"10":{"start":{"line":32,"column":2},"end":{"line":34,"column":null}},"11":{"start":{"line":33,"column":4},"end":{"line":33,"column":null}},"12":{"start":{"line":36,"column":2},"end":{"line":38,"column":null}},"13":{"start":{"line":37,"column":4},"end":{"line":37,"column":null}},"14":{"start":{"line":40,"column":2},"end":{"line":40,"column":null}},"15":{"start":{"line":44,"column":24},"end":{"line":47,"column":null}},"16":{"start":{"line":49,"column":16},"end":{"line":49,"column":null}},"17":{"start":{"line":51,"column":2},"end":{"line":87,"column":null}},"18":{"start":{"line":52,"column":23},"end":{"line":52,"column":null}},"19":{"start":{"line":53,"column":22},"end":{"line":53,"column":null}},"20":{"start":{"line":53,"column":39},"end":{"line":53,"column":59}},"21":{"start":{"line":55,"column":4},"end":{"line":86,"column":null}},"22":{"start":{"line":56,"column":23},"end":{"line":59,"column":null}},"23":{"start":{"line":61,"column":6},"end":{"line":68,"column":null}},"24":{"start":{"line":62,"column":8},"end":{"line":67,"column":null}},"25":{"start":{"line":70,"column":6},"end":{"line":70,"column":null}},"26":{"start":{"line":73,"column":26},"end":{"line":73,"column":null}},"27":{"start":{"line":74,"column":6},"end":{"line":79,"column":null}},"28":{"start":{"line":75,"column":8},"end":{"line":77,"column":null}},"29":{"start":{"line":76,"column":10},"end":{"line":76,"column":null}},"30":{"start":{"line":78,"column":8},"end":{"line":78,"column":null}},"31":{"start":{"line":81,"column":6},"end":{"line":81,"column":null}},"32":{"start":{"line":82,"column":6},"end":{"line":82,"column":null}},"33":{"start":{"line":85,"column":6},"end":{"line":85,"column":null}},"34":{"start":{"line":89,"column":2},"end":{"line":89,"column":null}},"35":{"start":{"line":93,"column":14},"end":{"line":106,"column":null}},"36":{"start":{"line":94,"column":16},"end":{"line":94,"column":null}},"37":{"start":{"line":96,"column":4},"end":{"line":100,"column":null}},"38":{"start":{"line":97,"column":6},"end":{"line":99,"column":null}},"39":{"start":{"line":98,"column":8},"end":{"line":98,"column":null}},"40":{"start":{"line":102,"column":4},"end":{"line":105,"column":null}},"41":{"start":{"line":108,"column":15},"end":{"line":122,"column":null}},"42":{"start":{"line":109,"column":21},"end":{"line":109,"column":null}},"43":{"start":{"line":111,"column":4},"end":{"line":115,"column":null}},"44":{"start":{"line":112,"column":6},"end":{"line":114,"column":null}},"45":{"start":{"line":113,"column":8},"end":{"line":113,"column":null}},"46":{"start":{"line":117,"column":4},"end":{"line":121,"column":null}},"47":{"start":{"line":124,"column":2},"end":{"line":127,"column":null}}},"fnMap":{"0":{"name":"(anonymous_0)","decl":{"start":{"line":12,"column":2},"end":{"line":12,"column":null}},"loc":{"start":{"line":17,"column":4},"end":{"line":20,"column":null}},"line":17},"1":{"name":"(anonymous_1)","decl":{"start":{"line":29,"column":6},"end":{"line":29,"column":14}},"loc":{"start":{"line":29,"column":29},"end":{"line":29,"column":null}},"line":29},"2":{"name":"(anonymous_2)","decl":{"start":{"line":29,"column":33},"end":{"line":29,"column":41}},"loc":{"start":{"line":29,"column":52},"end":{"line":29,"column":75}},"line":29},"3":{"name":"isRetryableError","decl":{"start":{"line":31,"column":9},"end":{"line":31,"column":26}},"loc":{"start":{"line":31,"column":42},"end":{"line":41,"column":null}},"line":31},"4":{"name":"requestJson","decl":{"start":{"line":43,"column":15},"end":{"line":43,"column":30}},"loc":{"start":{"line":43,"column":98},"end":{"line":90,"column":null}},"line":43},"5":{"name":"(anonymous_5)","decl":{"start":{"line":53,"column":22},"end":{"line":53,"column":39}},"loc":{"start":{"line":53,"column":39},"end":{"line":53,"column":59}},"line":53},"6":{"name":"useRequest","decl":{"start":{"line":92,"column":16},"end":{"line":92,"column":27}},"loc":{"start":{"line":92,"column":44},"end":{"line":128,"column":null}},"line":92},"7":{"name":"(anonymous_7)","decl":{"start":{"line":93,"column":14},"end":{"line":93,"column":24}},"loc":{"start":{"line":93,"column":79},"end":{"line":106,"column":null}},"line":93},"8":{"name":"(anonymous_8)","decl":{"start":{"line":97,"column":15},"end":{"line":97,"column":22}},"loc":{"start":{"line":97,"column":37},"end":{"line":99,"column":7}},"line":97},"9":{"name":"(anonymous_9)","decl":{"start":{"line":108,"column":15},"end":{"line":108,"column":25}},"loc":{"start":{"line":108,"column":80},"end":{"line":122,"column":null}},"line":108},"10":{"name":"(anonymous_10)","decl":{"start":{"line":112,"column":15},"end":{"line":112,"column":22}},"loc":{"start":{"line":112,"column":37},"end":{"line":114,"column":7}},"line":112}},"branchMap":{"0":{"loc":{"start":{"line":32,"column":2},"end":{"line":34,"column":null}},"type":"if","locations":[{"start":{"line":32,"column":2},"end":{"line":34,"column":null}},{"start":{},"end":{}}],"line":32},"1":{"loc":{"start":{"line":33,"column":12},"end":{"line":33,"column":34}},"type":"binary-expr","locations":[{"start":{"line":33,"column":12},"end":{"line":33,"column":28}},{"start":{"line":33,"column":28},"end":{"line":33,"column":34}}],"line":33},"2":{"loc":{"start":{"line":36,"column":2},"end":{"line":38,"column":null}},"type":"if","locations":[{"start":{"line":36,"column":2},"end":{"line":38,"column":null}},{"start":{},"end":{}}],"line":36},"3":{"loc":{"start":{"line":43,"column":68},"end":{"line":43,"column":98}},"type":"default-arg","locations":[{"start":{"line":43,"column":94},"end":{"line":43,"column":98}}],"line":43},"4":{"loc":{"start":{"line":61,"column":6},"end":{"line":68,"column":null}},"type":"if","locations":[{"start":{"line":61,"column":6},"end":{"line":68,"column":null}},{"start":{},"end":{}}],"line":61},"5":{"loc":{"start":{"line":73,"column":26},"end":{"line":73,"column":null}},"type":"binary-expr","locations":[{"start":{"line":73,"column":26},"end":{"line":73,"column":61}},{"start":{"line":73,"column":61},"end":{"line":73,"column":null}}],"line":73},"6":{"loc":{"start":{"line":74,"column":6},"end":{"line":79,"column":null}},"type":"if","locations":[{"start":{"line":74,"column":6},"end":{"line":79,"column":null}},{"start":{},"end":{}}],"line":74},"7":{"loc":{"start":{"line":75,"column":8},"end":{"line":77,"column":null}},"type":"if","locations":[{"start":{"line":75,"column":8},"end":{"line":77,"column":null}},{"start":{},"end":{}}],"line":75},"8":{"loc":{"start":{"line":78,"column":73},"end":{"line":78,"column":123}},"type":"cond-expr","locations":[{"start":{"line":78,"column":98},"end":{"line":78,"column":114}},{"start":{"line":78,"column":114},"end":{"line":78,"column":123}}],"line":78},"9":{"loc":{"start":{"line":96,"column":4},"end":{"line":100,"column":null}},"type":"if","locations":[{"start":{"line":96,"column":4},"end":{"line":100,"column":null}},{"start":{},"end":{}}],"line":96},"10":{"loc":{"start":{"line":111,"column":4},"end":{"line":115,"column":null}},"type":"if","locations":[{"start":{"line":111,"column":4},"end":{"line":115,"column":null}},{"start":{},"end":{}}],"line":111}},"s":{"0":1,"1":2,"2":2,"3":2,"4":2,"5":2,"6":1,"7":1,"8":2,"9":2,"10":2,"11":1,"12":1,"13":0,"14":1,"15":3,"16":3,"17":3,"18":5,"19":5,"20":0,"21":5,"22":5,"23":4,"24":2,"25":2,"26":3,"27":3,"28":1,"29":1,"30":0,"31":2,"32":2,"33":5,"34":0,"35":3,"36":3,"37":3,"38":0,"39":0,"40":3,"41":3,"42":0,"43":0,"44":0,"45":0,"46":0,"47":3},"f":{"0":2,"1":2,"2":2,"3":2,"4":3,"5":0,"6":3,"7":3,"8":0,"9":0,"10":0},"b":{"0":[1,1],"1":[1,0],"2":[0,1],"3":[3],"4":[2,2],"5":[3,2],"6":[1,2],"7":[1,0],"8":[0,0],"9":[0,3],"10":[0,0]},"meta":{"lastBranch":11,"lastFunction":11,"lastStatement":48,"seen":{"s:1:23:3:Infinity":0,"f:12:2:12:Infinity":0,"s:18:4:18:Infinity":1,"s:14:13:14:Infinity":2,"s:15:13:15:Infinity":3,"s:16:13:16:Infinity":4,"s:19:4:19:Infinity":5,"s:23:56:27:Infinity":6,"s:29:6:29:Infinity":7,"f:29:6:29:14":1,"s:29:29:29:Infinity":8,"f:29:33:29:41":2,"s:29:52:29:75":9,"f:31:9:31:26":3,"b:32:2:34:Infinity:undefined:undefined:undefined:undefined":0,"s:32:2:34:Infinity":10,"s:33:4:33:Infinity":11,"b:33:12:33:28:33:28:33:34":1,"b:36:2:38:Infinity:undefined:undefined:undefined:undefined":2,"s:36:2:38:Infinity":12,"s:37:4:37:Infinity":13,"s:40:2:40:Infinity":14,"f:43:15:43:30":4,"b:43:94:43:98":3,"s:44:24:47:Infinity":15,"s:49:16:49:Infinity":16,"s:51:2:87:Infinity":17,"s:52:23:52:Infinity":18,"s:53:22:53:Infinity":19,"f:53:22:53:39":5,"s:53:39:53:59":20,"s:55:4:86:Infinity":21,"s:56:23:59:Infinity":22,"b:61:6:68:Infinity:undefined:undefined:undefined:undefined":4,"s:61:6:68:Infinity":23,"s:62:8:67:Infinity":24,"s:70:6:70:Infinity":25,"s:73:26:73:Infinity":26,"b:73:26:73:61:73:61:73:Infinity":5,"b:74:6:79:Infinity:undefined:undefined:undefined:undefined":6,"s:74:6:79:Infinity":27,"b:75:8:77:Infinity:undefined:undefined:undefined:undefined":7,"s:75:8:77:Infinity":28,"s:76:10:76:Infinity":29,"s:78:8:78:Infinity":30,"b:78:98:78:114:78:114:78:123":8,"s:81:6:81:Infinity":31,"s:82:6:82:Infinity":32,"s:85:6:85:Infinity":33,"s:89:2:89:Infinity":34,"f:92:16:92:27":6,"s:93:14:106:Infinity":35,"f:93:14:93:24":7,"s:94:16:94:Infinity":36,"b:96:4:100:Infinity:undefined:undefined:undefined:undefined":9,"s:96:4:100:Infinity":37,"s:97:6:99:Infinity":38,"f:97:15:97:22":8,"s:98:8:98:Infinity":39,"s:102:4:105:Infinity":40,"s:108:15:122:Infinity":41,"f:108:15:108:25":9,"s:109:21:109:Infinity":42,"b:111:4:115:Infinity:undefined:undefined:undefined:undefined":10,"s:111:4:115:Infinity":43,"s:112:6:114:Infinity":44,"f:112:15:112:22":10,"s:113:8:113:Infinity":45,"s:117:4:121:Infinity":46,"s:124:2:127:Infinity":47}}}
,"D:\\Projects\\btools-vitesse\\src\\background\\contentScriptHMR.ts": {"path":"D:\\Projects\\btools-vitesse\\src\\background\\contentScriptHMR.ts","statementMap":{"0":{"start":{"line":5,"column":0},"end":{"line":29,"column":null}},"1":{"start":{"line":7,"column":2},"end":{"line":8,"column":null}},"2":{"start":{"line":8,"column":4},"end":{"line":8,"column":null}},"3":{"start":{"line":10,"column":2},"end":{"line":11,"column":null}},"4":{"start":{"line":11,"column":4},"end":{"line":11,"column":null}},"5":{"start":{"line":13,"column":8},"end":{"line":16,"column":null}},"6":{"start":{"line":13,"column":33},"end":{"line":16,"column":null}},"7":{"start":{"line":18,"column":8},"end":{"line":21,"column":null}},"8":{"start":{"line":18,"column":34},"end":{"line":21,"column":null}},"9":{"start":{"line":24,"column":15},"end":{"line":26,"column":null}},"10":{"start":{"line":28,"column":2},"end":{"line":28,"column":null}},"11":{"start":{"line":28,"column":22},"end":{"line":28,"column":42}}},"fnMap":{"0":{"name":"(anonymous_0)","decl":{"start":{"line":5,"column":34},"end":{"line":5,"column":47}},"loc":{"start":{"line":5,"column":75},"end":{"line":29,"column":1}},"line":5},"1":{"name":"(anonymous_1)","decl":{"start":{"line":13,"column":8},"end":{"line":13,"column":33}},"loc":{"start":{"line":13,"column":33},"end":{"line":16,"column":null}},"line":13},"2":{"name":"(anonymous_2)","decl":{"start":{"line":18,"column":8},"end":{"line":18,"column":34}},"loc":{"start":{"line":18,"column":34},"end":{"line":21,"column":null}},"line":18},"3":{"name":"(anonymous_3)","decl":{"start":{"line":28,"column":7},"end":{"line":28,"column":13}},"loc":{"start":{"line":28,"column":22},"end":{"line":28,"column":42}},"line":28}},"branchMap":{"0":{"loc":{"start":{"line":7,"column":2},"end":{"line":8,"column":null}},"type":"if","locations":[{"start":{"line":7,"column":2},"end":{"line":8,"column":null}},{"start":{},"end":{}}],"line":7},"1":{"loc":{"start":{"line":10,"column":2},"end":{"line":11,"column":null}},"type":"if","locations":[{"start":{"line":10,"column":2},"end":{"line":11,"column":null}},{"start":{},"end":{}}],"line":10},"2":{"loc":{"start":{"line":24,"column":15},"end":{"line":26,"column":null}},"type":"cond-expr","locations":[{"start":{"line":25,"column":6},"end":{"line":25,"column":null}},{"start":{"line":26,"column":6},"end":{"line":26,"column":null}}],"line":24}},"s":{"0":0,"1":0,"2":0,"3":0,"4":0,"5":0,"6":0,"7":0,"8":0,"9":0,"10":0,"11":0},"f":{"0":0,"1":0,"2":0,"3":0},"b":{"0":[0,0],"1":[0,0],"2":[0,0]},"meta":{"lastBranch":3,"lastFunction":4,"lastStatement":12,"seen":{"s:5:0:29:Infinity":0,"f:5:34:5:47":0,"b:7:2:8:Infinity:undefined:undefined:undefined:undefined":0,"s:7:2:8:Infinity":1,"s:8:4:8:Infinity":2,"b:10:2:11:Infinity:undefined:undefined:undefined:undefined":1,"s:10:2:11:Infinity":3,"s:11:4:11:Infinity":4,"s:13:8:16:Infinity":5,"f:13:8:13:33":1,"s:13:33:16:Infinity":6,"s:18:8:21:Infinity":7,"f:18:8:18:34":2,"s:18:34:21:Infinity":8,"s:24:15:26:Infinity":9,"b:25:6:25:Infinity:26:6:26:Infinity":2,"s:28:2:28:Infinity":10,"f:28:7:28:13":3,"s:28:22:28:42":11}}}
,"D:\\Projects\\btools-vitesse\\src\\background\\main.ts": {"path":"D:\\Projects\\btools-vitesse\\src\\background\\main.ts","statementMap":{"0":{"start":{"line":8,"column":0},"end":{"line":13,"column":null}},"1":{"start":{"line":10,"column":2},"end":{"line":10,"column":null}},"2":{"start":{"line":12,"column":2},"end":{"line":12,"column":null}},"3":{"start":{"line":15,"column":0},"end":{"line":20,"column":null}},"4":{"start":{"line":17,"column":2},"end":{"line":17,"column":null}},"5":{"start":{"line":18,"column":2},"end":{"line":18,"column":null}},"6":{"start":{"line":19,"column":2},"end":{"line":19,"column":null}},"7":{"start":{"line":22,"column":0},"end":{"line":24,"column":null}},"8":{"start":{"line":23,"column":2},"end":{"line":23,"column":null}},"9":{"start":{"line":26,"column":26},"end":{"line":26,"column":null}},"10":{"start":{"line":27,"column":37},"end":{"line":27,"column":null}},"11":{"start":{"line":29,"column":0},"end":{"line":33,"column":null}},"12":{"start":{"line":30,"column":2},"end":{"line":32,"column":null}},"13":{"start":{"line":31,"column":4},"end":{"line":31,"column":null}},"14":{"start":{"line":35,"column":0},"end":{"line":39,"column":null}},"15":{"start":{"line":36,"column":2},"end":{"line":38,"column":null}},"16":{"start":{"line":41,"column":0},"end":{"line":41,"column":null}},"17":{"start":{"line":43,"column":20},"end":{"line":43,"column":null}},"18":{"start":{"line":47,"column":0},"end":{"line":66,"column":null}},"19":{"start":{"line":48,"column":2},"end":{"line":51,"column":null}},"20":{"start":{"line":49,"column":4},"end":{"line":49,"column":null}},"21":{"start":{"line":50,"column":4},"end":{"line":50,"column":null}},"22":{"start":{"line":55,"column":2},"end":{"line":61,"column":null}},"23":{"start":{"line":56,"column":4},"end":{"line":56,"column":null}},"24":{"start":{"line":57,"column":4},"end":{"line":57,"column":null}},"25":{"start":{"line":60,"column":4},"end":{"line":60,"column":null}},"26":{"start":{"line":64,"column":2},"end":{"line":64,"column":null}},"27":{"start":{"line":65,"column":2},"end":{"line":65,"column":null}},"28":{"start":{"line":68,"column":0},"end":{"line":80,"column":null}},"29":{"start":{"line":69,"column":2},"end":{"line":79,"column":null}},"30":{"start":{"line":70,"column":16},"end":{"line":70,"column":null}},"31":{"start":{"line":71,"column":4},"end":{"line":73,"column":null}},"32":{"start":{"line":76,"column":4},"end":{"line":78,"column":null}}},"fnMap":{"0":{"name":"(anonymous_0)","decl":{"start":{"line":15,"column":28},"end":{"line":15,"column":52}},"loc":{"start":{"line":15,"column":52},"end":{"line":20,"column":1}},"line":15},"1":{"name":"(anonymous_1)","decl":{"start":{"line":22,"column":26},"end":{"line":22,"column":44}},"loc":{"start":{"line":22,"column":44},"end":{"line":24,"column":1}},"line":22},"2":{"name":"(anonymous_2)","decl":{"start":{"line":29,"column":23},"end":{"line":29,"column":36}},"loc":{"start":{"line":29,"column":46},"end":{"line":33,"column":1}},"line":29},"3":{"name":"(anonymous_3)","decl":{"start":{"line":35,"column":45},"end":{"line":35,"column":59}},"loc":{"start":{"line":35,"column":59},"end":{"line":39,"column":1}},"line":35},"4":{"name":"(anonymous_4)","decl":{"start":{"line":47,"column":37},"end":{"line":47,"column":44}},"loc":{"start":{"line":47,"column":58},"end":{"line":66,"column":1}},"line":47},"5":{"name":"(anonymous_5)","decl":{"start":{"line":68,"column":29},"end":{"line":68,"column":41}},"loc":{"start":{"line":68,"column":41},"end":{"line":80,"column":1}},"line":68}},"branchMap":{"0":{"loc":{"start":{"line":8,"column":0},"end":{"line":13,"column":null}},"type":"if","locations":[{"start":{"line":8,"column":0},"end":{"line":13,"column":null}},{"start":{},"end":{}}],"line":8},"1":{"loc":{"start":{"line":30,"column":2},"end":{"line":32,"column":null}},"type":"if","locations":[{"start":{"line":30,"column":2},"end":{"line":32,"column":null}},{"start":{},"end":{}}],"line":30},"2":{"loc":{"start":{"line":48,"column":2},"end":{"line":51,"column":null}},"type":"if","locations":[{"start":{"line":48,"column":2},"end":{"line":51,"column":null}},{"start":{},"end":{}}],"line":48},"3":{"loc":{"start":{"line":65,"column":35},"end":{"line":65,"column":51}},"type":"binary-expr","locations":[{"start":{"line":65,"column":35},"end":{"line":65,"column":48}},{"start":{"line":65,"column":48},"end":{"line":65,"column":51}}],"line":65}},"s":{"0":2,"1":2,"2":2,"3":2,"4":1,"5":1,"6":1,"7":2,"8":0,"9":2,"10":2,"11":2,"12":0,"13":0,"14":2,"15":2,"16":2,"17":2,"18":2,"19":2,"20":1,"21":1,"22":1,"23":1,"24":1,"25":0,"26":1,"27":1,"28":2,"29":0,"30":0,"31":0,"32":0},"f":{"0":1,"1":0,"2":0,"3":2,"4":2,"5":0},"b":{"0":[2,0],"1":[0,0],"2":[1,1],"3":[1,0]},"meta":{"lastBranch":4,"lastFunction":6,"lastStatement":33,"seen":{"b:8:0:13:Infinity:undefined:undefined:undefined:undefined":0,"s:8:0:13:Infinity":0,"s:10:2:10:Infinity":1,"s:12:2:12:Infinity":2,"s:15:0:20:Infinity":3,"f:15:28:15:52":0,"s:17:2:17:Infinity":4,"s:18:2:18:Infinity":5,"s:19:2:19:Infinity":6,"s:22:0:24:Infinity":7,"f:22:26:22:44":1,"s:23:2:23:Infinity":8,"s:26:26:26:Infinity":9,"s:27:37:27:Infinity":10,"s:29:0:33:Infinity":11,"f:29:23:29:36":2,"b:30:2:32:Infinity:undefined:undefined:undefined:undefined":1,"s:30:2:32:Infinity":12,"s:31:4:31:Infinity":13,"s:35:0:39:Infinity":14,"f:35:45:35:59":3,"s:36:2:38:Infinity":15,"s:41:0:41:Infinity":16,"s:43:20:43:Infinity":17,"s:47:0:66:Infinity":18,"f:47:37:47:44":4,"b:48:2:51:Infinity:undefined:undefined:undefined:undefined":2,"s:48:2:51:Infinity":19,"s:49:4:49:Infinity":20,"s:50:4:50:Infinity":21,"s:55:2:61:Infinity":22,"s:56:4:56:Infinity":23,"s:57:4:57:Infinity":24,"s:60:4:60:Infinity":25,"s:64:2:64:Infinity":26,"s:65:2:65:Infinity":27,"b:65:35:65:48:65:48:65:51":3,"s:68:0:80:Infinity":28,"f:68:29:68:41":5,"s:69:2:79:Infinity":29,"s:70:16:70:Infinity":30,"s:71:4:73:Infinity":31,"s:76:4:78:Infinity":32}}}
,"D:\\Projects\\btools-vitesse\\src\\composables\\useWebExtensionStorage.ts": {"path":"D:\\Projects\\btools-vitesse\\src\\composables\\useWebExtensionStorage.ts","statementMap":{"0":{"start":{"line":19,"column":2},"end":{"line":35,"column":null}},"1":{"start":{"line":38,"column":43},"end":{"line":52,"column":null}},"2":{"start":{"line":40,"column":4},"end":{"line":40,"column":null}},"3":{"start":{"line":44,"column":4},"end":{"line":44,"column":null}},"4":{"start":{"line":48,"column":23},"end":{"line":48,"column":null}},"5":{"start":{"line":50,"column":4},"end":{"line":50,"column":null}},"6":{"start":{"line":70,"column":6},"end":{"line":70,"column":null}},"7":{"start":{"line":68,"column":6},"end":{"line":68,"column":null}},"8":{"start":{"line":72,"column":8},"end":{"line":72,"column":null}},"9":{"start":{"line":73,"column":15},"end":{"line":73,"column":null}},"10":{"start":{"line":75,"column":8},"end":{"line":75,"column":null}},"11":{"start":{"line":76,"column":21},"end":{"line":76,"column":null}},"12":{"start":{"line":79,"column":4},"end":{"line":80,"column":null}},"13":{"start":{"line":80,"column":6},"end":{"line":80,"column":null}},"14":{"start":{"line":82,"column":4},"end":{"line":103,"column":null}},"15":{"start":{"line":83,"column":23},"end":{"line":83,"column":null}},"16":{"start":{"line":84,"column":6},"end":{"line":99,"column":null}},"17":{"start":{"line":85,"column":8},"end":{"line":85,"column":null}},"18":{"start":{"line":86,"column":8},"end":{"line":87,"column":null}},"19":{"start":{"line":87,"column":10},"end":{"line":87,"column":null}},"20":{"start":{"line":89,"column":11},"end":{"line":99,"column":null}},"21":{"start":{"line":90,"column":22},"end":{"line":90,"column":null}},"22":{"start":{"line":91,"column":8},"end":{"line":95,"column":null}},"23":{"start":{"line":92,"column":10},"end":{"line":92,"column":null}},"24":{"start":{"line":93,"column":13},"end":{"line":95,"column":null}},"25":{"start":{"line":94,"column":10},"end":{"line":94,"column":null}},"26":{"start":{"line":95,"column":13},"end":{"line":95,"column":null}},"27":{"start":{"line":98,"column":8},"end":{"line":98,"column":null}},"28":{"start":{"line":102,"column":6},"end":{"line":102,"column":null}},"29":{"start":{"line":106,"column":2},"end":{"line":106,"column":null}},"30":{"start":{"line":109,"column":4},"end":{"line":118,"column":null}},"31":{"start":{"line":110,"column":6},"end":{"line":113,"column":null}},"32":{"start":{"line":117,"column":6},"end":{"line":117,"column":null}},"33":{"start":{"line":121,"column":37},"end":{"line":129,"column":null}},"34":{"start":{"line":131,"column":2},"end":{"line":152,"column":null}},"35":{"start":{"line":132,"column":21},"end":{"line":145,"column":null}},"36":{"start":{"line":133,"column":6},"end":{"line":144,"column":null}},"37":{"start":{"line":134,"column":8},"end":{"line":134,"column":null}},"38":{"start":{"line":135,"column":8},"end":{"line":140,"column":null}},"39":{"start":{"line":136,"column":10},"end":{"line":139,"column":null}},"40":{"start":{"line":143,"column":8},"end":{"line":143,"column":null}},"41":{"start":{"line":147,"column":4},"end":{"line":147,"column":null}},"42":{"start":{"line":149,"column":4},"end":{"line":151,"column":null}},"43":{"start":{"line":150,"column":6},"end":{"line":150,"column":null}},"44":{"start":{"line":154,"column":2},"end":{"line":154,"column":null}},"45":{"start":{"line":158,"column":2},"end":{"line":170,"column":null}},"46":{"start":{"line":164,"column":6},"end":{"line":168,"column":null}}},"fnMap":{"0":{"name":"guessSerializerType","decl":{"start":{"line":18,"column":16},"end":{"line":18,"column":36}},"loc":{"start":{"line":18,"column":54},"end":{"line":36,"column":null}},"line":18},"1":{"name":"(anonymous_1)","decl":{"start":{"line":39,"column":2},"end":{"line":39,"column":13}},"loc":{"start":{"line":39,"column":26},"end":{"line":41,"column":null}},"line":39},"2":{"name":"(anonymous_2)","decl":{"start":{"line":43,"column":2},"end":{"line":43,"column":10}},"loc":{"start":{"line":43,"column":38},"end":{"line":45,"column":null}},"line":43},"3":{"name":"(anonymous_3)","decl":{"start":{"line":47,"column":8},"end":{"line":47,"column":16}},"loc":{"start":{"line":47,"column":29},"end":{"line":51,"column":null}},"line":47},"4":{"name":"createStorage","decl":{"start":{"line":54,"column":9},"end":{"line":54,"column":null}},"loc":{"start":{"line":58,"column":19},"end":{"line":155,"column":null}},"line":58},"5":{"name":"(anonymous_5)","decl":{"start":{"line":67,"column":4},"end":{"line":67,"column":15}},"loc":{"start":{"line":67,"column":30},"end":{"line":69,"column":null}},"line":67},"6":{"name":"read","decl":{"start":{"line":78,"column":17},"end":{"line":78,"column":22}},"loc":{"start":{"line":78,"column":72},"end":{"line":104,"column":null}},"line":78},"7":{"name":"write","decl":{"start":{"line":108,"column":17},"end":{"line":108,"column":25}},"loc":{"start":{"line":108,"column":25},"end":{"line":119,"column":null}},"line":108},"8":{"name":"(anonymous_8)","decl":{"start":{"line":132,"column":21},"end":{"line":132,"column":28}},"loc":{"start":{"line":132,"column":79},"end":{"line":145,"column":null}},"line":132},"9":{"name":"(anonymous_9)","decl":{"start":{"line":149,"column":4},"end":{"line":149,"column":28}},"loc":{"start":{"line":149,"column":28},"end":{"line":151,"column":5}},"line":149},"10":{"name":"useWebExtensionStorage","decl":{"start":{"line":157,"column":16},"end":{"line":157,"column":39}},"loc":{"start":{"line":157,"column":58},"end":{"line":171,"column":null}},"line":157},"11":{"name":"(anonymous_11)","decl":{"start":{"line":159,"column":4},"end":{"line":159,"column":null}},"loc":{"start":{"line":163,"column":23},"end":{"line":169,"column":null}},"line":163}},"branchMap":{"0":{"loc":{"start":{"line":19,"column":9},"end":{"line":35,"column":null}},"type":"cond-expr","locations":[{"start":{"line":20,"column":6},"end":{"line":20,"column":null}},{"start":{"line":21,"column":6},"end":{"line":35,"column":null}}],"line":19},"1":{"loc":{"start":{"line":21,"column":6},"end":{"line":35,"column":null}},"type":"cond-expr","locations":[{"start":{"line":22,"column":8},"end":{"line":22,"column":null}},{"start":{"line":23,"column":8},"end":{"line":35,"column":null}}],"line":21},"2":{"loc":{"start":{"line":23,"column":8},"end":{"line":35,"column":null}},"type":"cond-expr","locations":[{"start":{"line":24,"column":10},"end":{"line":24,"column":null}},{"start":{"line":25,"column":10},"end":{"line":35,"column":null}}],"line":23},"3":{"loc":{"start":{"line":25,"column":10},"end":{"line":35,"column":null}},"type":"cond-expr","locations":[{"start":{"line":26,"column":12},"end":{"line":26,"column":null}},{"start":{"line":27,"column":12},"end":{"line":35,"column":null}}],"line":25},"4":{"loc":{"start":{"line":27,"column":12},"end":{"line":35,"column":null}},"type":"cond-expr","locations":[{"start":{"line":28,"column":14},"end":{"line":28,"column":null}},{"start":{"line":29,"column":14},"end":{"line":35,"column":null}}],"line":27},"5":{"loc":{"start":{"line":29,"column":14},"end":{"line":35,"column":null}},"type":"cond-expr","locations":[{"start":{"line":30,"column":16},"end":{"line":30,"column":null}},{"start":{"line":31,"column":16},"end":{"line":35,"column":null}}],"line":29},"6":{"loc":{"start":{"line":31,"column":16},"end":{"line":35,"column":null}},"type":"cond-expr","locations":[{"start":{"line":32,"column":18},"end":{"line":32,"column":null}},{"start":{"line":33,"column":18},"end":{"line":35,"column":null}}],"line":31},"7":{"loc":{"start":{"line":33,"column":18},"end":{"line":35,"column":null}},"type":"cond-expr","locations":[{"start":{"line":34,"column":20},"end":{"line":34,"column":null}},{"start":{"line":35,"column":20},"end":{"line":35,"column":null}}],"line":33},"8":{"loc":{"start":{"line":57,"column":2},"end":{"line":57,"column":null}},"type":"default-arg","locations":[{"start":{"line":57,"column":43},"end":{"line":57,"column":null}}],"line":57},"9":{"loc":{"start":{"line":60,"column":4},"end":{"line":60,"column":null}},"type":"default-arg","locations":[{"start":{"line":60,"column":12},"end":{"line":60,"column":null}}],"line":60},"10":{"loc":{"start":{"line":61,"column":4},"end":{"line":61,"column":null}},"type":"default-arg","locations":[{"start":{"line":61,"column":11},"end":{"line":61,"column":null}}],"line":61},"11":{"loc":{"start":{"line":62,"column":4},"end":{"line":62,"column":null}},"type":"default-arg","locations":[{"start":{"line":62,"column":29},"end":{"line":62,"column":null}}],"line":62},"12":{"loc":{"start":{"line":63,"column":4},"end":{"line":63,"column":null}},"type":"default-arg","locations":[{"start":{"line":63,"column":20},"end":{"line":63,"column":null}}],"line":63},"13":{"loc":{"start":{"line":64,"column":4},"end":{"line":64,"column":null}},"type":"default-arg","locations":[{"start":{"line":64,"column":20},"end":{"line":64,"column":null}}],"line":64},"14":{"loc":{"start":{"line":67,"column":4},"end":{"line":69,"column":null}},"type":"default-arg","locations":[{"start":{"line":67,"column":4},"end":{"line":69,"column":null}}],"line":67},"15":{"loc":{"start":{"line":75,"column":16},"end":{"line":75,"column":44}},"type":"cond-expr","locations":[{"start":{"line":75,"column":26},"end":{"line":75,"column":39}},{"start":{"line":75,"column":39},"end":{"line":75,"column":44}}],"line":75},"16":{"loc":{"start":{"line":76,"column":21},"end":{"line":76,"column":null}},"type":"binary-expr","locations":[{"start":{"line":76,"column":21},"end":{"line":76,"column":43}},{"start":{"line":76,"column":43},"end":{"line":76,"column":null}}],"line":76},"17":{"loc":{"start":{"line":79,"column":4},"end":{"line":80,"column":null}},"type":"if","locations":[{"start":{"line":79,"column":4},"end":{"line":80,"column":null}},{"start":{},"end":{}}],"line":79},"18":{"loc":{"start":{"line":79,"column":8},"end":{"line":79,"column":null}},"type":"binary-expr","locations":[{"start":{"line":79,"column":8},"end":{"line":79,"column":17}},{"start":{"line":79,"column":17},"end":{"line":79,"column":null}}],"line":79},"19":{"loc":{"start":{"line":83,"column":23},"end":{"line":83,"column":null}},"type":"cond-expr","locations":[{"start":{"line":83,"column":31},"end":{"line":83,"column":48}},{"start":{"line":83,"column":48},"end":{"line":83,"column":null}}],"line":83},"20":{"loc":{"start":{"line":84,"column":6},"end":{"line":99,"column":null}},"type":"if","locations":[{"start":{"line":84,"column":6},"end":{"line":99,"column":null}},{"start":{"line":89,"column":11},"end":{"line":99,"column":null}}],"line":84},"21":{"loc":{"start":{"line":86,"column":8},"end":{"line":87,"column":null}},"type":"if","locations":[{"start":{"line":86,"column":8},"end":{"line":87,"column":null}},{"start":{},"end":{}}],"line":86},"22":{"loc":{"start":{"line":86,"column":12},"end":{"line":86,"column":null}},"type":"binary-expr","locations":[{"start":{"line":86,"column":12},"end":{"line":86,"column":29}},{"start":{"line":86,"column":29},"end":{"line":86,"column":null}}],"line":86},"23":{"loc":{"start":{"line":89,"column":11},"end":{"line":99,"column":null}},"type":"if","locations":[{"start":{"line":89,"column":11},"end":{"line":99,"column":null}},{"start":{"line":97,"column":11},"end":{"line":99,"column":null}}],"line":89},"24":{"loc":{"start":{"line":91,"column":8},"end":{"line":95,"column":null}},"type":"if","locations":[{"start":{"line":91,"column":8},"end":{"line":95,"column":null}},{"start":{"line":93,"column":13},"end":{"line":95,"column":null}}],"line":91},"25":{"loc":{"start":{"line":93,"column":13},"end":{"line":95,"column":null}},"type":"if","locations":[{"start":{"line":93,"column":13},"end":{"line":95,"column":null}},{"start":{"line":95,"column":13},"end":{"line":95,"column":null}}],"line":93},"26":{"loc":{"start":{"line":93,"column":17},"end":{"line":93,"column":null}},"type":"binary-expr","locations":[{"start":{"line":93,"column":17},"end":{"line":93,"column":38}},{"start":{"line":93,"column":38},"end":{"line":93,"column":null}}],"line":93},"27":{"loc":{"start":{"line":111,"column":8},"end":{"line":113,"column":null}},"type":"cond-expr","locations":[{"start":{"line":112,"column":12},"end":{"line":112,"column":null}},{"start":{"line":113,"column":12},"end":{"line":113,"column":null}}],"line":111},"28":{"loc":{"start":{"line":131,"column":2},"end":{"line":152,"column":null}},"type":"if","locations":[{"start":{"line":131,"column":2},"end":{"line":152,"column":null}},{"start":{},"end":{}}],"line":131},"29":{"loc":{"start":{"line":162,"column":6},"end":{"line":162,"column":null}},"type":"default-arg","locations":[{"start":{"line":162,"column":47},"end":{"line":162,"column":null}}],"line":162}},"s":{"0":1,"1":1,"2":0,"3":1,"4":1,"5":1,"6":1,"7":0,"8":1,"9":1,"10":1,"11":1,"12":1,"13":0,"14":1,"15":1,"16":1,"17":0,"18":0,"19":0,"20":1,"21":0,"22":0,"23":0,"24":0,"25":0,"26":0,"27":1,"28":0,"29":1,"30":1,"31":1,"32":0,"33":1,"34":1,"35":1,"36":0,"37":0,"38":0,"39":0,"40":0,"41":1,"42":1,"43":0,"44":1,"45":1,"46":1},"f":{"0":1,"1":0,"2":1,"3":1,"4":1,"5":0,"6":1,"7":1,"8":0,"9":0,"10":1,"11":1},"b":{"0":[0,1],"1":[0,1],"2":[0,1],"3":[0,1],"4":[0,1],"5":[0,1],"6":[1,0],"7":[0,0],"8":[1],"9":[1],"10":[1],"11":[1],"12":[1],"13":[1],"14":[0],"15":[0,1],"16":[1,1],"17":[0,1],"18":[1,0],"19":[0,1],"20":[0,1],"21":[0,0],"22":[0,0],"23":[0,1],"24":[0,0],"25":[0,0],"26":[0,0],"27":[0,1],"28":[1,0],"29":[1]},"meta":{"lastBranch":30,"lastFunction":12,"lastStatement":47,"seen":{"f:18:16:18:36":0,"s:19:2:35:Infinity":0,"b:20:6:20:Infinity:21:6:35:Infinity":0,"b:22:8:22:Infinity:23:8:35:Infinity":1,"b:24:10:24:Infinity:25:10:35:Infinity":2,"b:26:12:26:Infinity:27:12:35:Infinity":3,"b:28:14:28:Infinity:29:14:35:Infinity":4,"b:30:16:30:Infinity:31:16:35:Infinity":5,"b:32:18:32:Infinity:33:18:35:Infinity":6,"b:34:20:34:Infinity:35:20:35:Infinity":7,"s:38:43:52:Infinity":1,"f:39:2:39:13":1,"s:40:4:40:Infinity":2,"f:43:2:43:10":2,"s:44:4:44:Infinity":3,"f:47:8:47:16":3,"s:48:23:48:Infinity":4,"s:50:4:50:Infinity":5,"f:54:9:54:Infinity":4,"b:57:43:57:Infinity":8,"s:70:6:70:Infinity":6,"b:60:12:60:Infinity":9,"b:61:11:61:Infinity":10,"b:62:29:62:Infinity":11,"b:63:20:63:Infinity":12,"b:64:20:64:Infinity":13,"b:67:4:69:Infinity":14,"f:67:4:67:15":5,"s:68:6:68:Infinity":7,"s:72:8:72:Infinity":8,"s:73:15:73:Infinity":9,"s:75:8:75:Infinity":10,"b:75:26:75:39:75:39:75:44":15,"s:76:21:76:Infinity":11,"b:76:21:76:43:76:43:76:Infinity":16,"f:78:17:78:22":6,"b:79:4:80:Infinity:undefined:undefined:undefined:undefined":17,"s:79:4:80:Infinity":12,"b:79:8:79:17:79:17:79:Infinity":18,"s:80:6:80:Infinity":13,"s:82:4:103:Infinity":14,"s:83:23:83:Infinity":15,"b:83:31:83:48:83:48:83:Infinity":19,"b:84:6:99:Infinity:89:11:99:Infinity":20,"s:84:6:99:Infinity":16,"s:85:8:85:Infinity":17,"b:86:8:87:Infinity:undefined:undefined:undefined:undefined":21,"s:86:8:87:Infinity":18,"b:86:12:86:29:86:29:86:Infinity":22,"s:87:10:87:Infinity":19,"b:89:11:99:Infinity:97:11:99:Infinity":23,"s:89:11:99:Infinity":20,"s:90:22:90:Infinity":21,"b:91:8:95:Infinity:93:13:95:Infinity":24,"s:91:8:95:Infinity":22,"s:92:10:92:Infinity":23,"b:93:13:95:Infinity:95:13:95:Infinity":25,"s:93:13:95:Infinity":24,"b:93:17:93:38:93:38:93:Infinity":26,"s:94:10:94:Infinity":25,"s:95:13:95:Infinity":26,"s:98:8:98:Infinity":27,"s:102:6:102:Infinity":28,"s:106:2:106:Infinity":29,"f:108:17:108:25":7,"s:109:4:118:Infinity":30,"s:110:6:113:Infinity":31,"b:112:12:112:Infinity:113:12:113:Infinity":27,"s:117:6:117:Infinity":32,"s:121:37:129:Infinity":33,"b:131:2:152:Infinity:undefined:undefined:undefined:undefined":28,"s:131:2:152:Infinity":34,"s:132:21:145:Infinity":35,"f:132:21:132:28":8,"s:133:6:144:Infinity":36,"s:134:8:134:Infinity":37,"s:135:8:140:Infinity":38,"s:136:10:139:Infinity":39,"s:143:8:143:Infinity":40,"s:147:4:147:Infinity":41,"s:149:4:151:Infinity":42,"f:149:4:149:28":9,"s:150:6:150:Infinity":43,"s:154:2:154:Infinity":44,"f:157:16:157:39":10,"s:158:2:170:Infinity":45,"f:159:4:159:Infinity":11,"b:162:47:162:Infinity":29,"s:164:6:168:Infinity":46}}}
}
